<?xml version="1.0" encoding="UTF-8"?>
<!-- Generated by org.testng.reporters.JUnitReportReporter -->
<testsuite hostname="CN-L-5CD9070QZK" failures="0" tests="2" name="com.app.qa.tests.CartPageTests" time="18.603" errors="0" timestamp="2024-04-07T13:36:35 EDT" skipped="0">
  <testcase classname="com.app.qa.tests.CartPageTests" name="verifyEmptyCart" time="9.823"/>
  <testcase classname="com.app.qa.tests.CartPageTests" name="verifyAddedItemsInTheCart" time="8.780"/>
</testsuite> <!-- com.app.qa.tests.CartPageTests -->
